e:\wengou\learnopengl\debug\vc142.pdb
e:\wengou\learnopengl\debug\vc142.idb
e:\wengou\learnopengl\debug\shader.obj
e:\wengou\learnopengl\debug\baselight.obj
e:\wengou\learnopengl\debug\camera.obj
e:\wengou\learnopengl\debug\basic_lighting_specular.obj
e:\wengou\learnopengl\debug\material.obj
e:\wengou\learnopengl\debug\lightingmapsspecular.obj
e:\wengou\learnopengl\debug\vc143.pdb
e:\wengou\learnopengl\debug\vc143.idb
e:\wengou\learnopengl\debug\geometryhouse.obj
e:\wengou\learnopengl\debug\mesh.obj
e:\wengou\learnopengl\debug\model.obj
e:\wengou\learnopengl\debug\glad.obj
e:\wengou\learnopengl\debug\learnopengl.exe
e:\wengou\learnopengl\debug\learnopengl.ilk
e:\wengou\learnopengl\debug\learnopengl.pdb
e:\wengou\learnopengl\debug\coordinate.obj
e:\wengou\learnopengl\debug\learnopengl.obj
e:\wengou\learnopengl\debug\loadtexture.obj
e:\wengou\learnopengl\debug\shaderfromfile.obj
e:\wengou\learnopengl\debug\shaders_uniform.obj
e:\wengou\learnopengl\debug\learnopengl.tlog\cl.command.1.tlog
e:\wengou\learnopengl\debug\learnopengl.tlog\cl.read.1.tlog
e:\wengou\learnopengl\debug\learnopengl.tlog\cl.write.1.tlog
e:\wengou\learnopengl\debug\learnopengl.tlog\link-cvtres.read.1.tlog
e:\wengou\learnopengl\debug\learnopengl.tlog\link-cvtres.write.1.tlog
e:\wengou\learnopengl\debug\learnopengl.tlog\link-rc.read.1.tlog
e:\wengou\learnopengl\debug\learnopengl.tlog\link-rc.write.1.tlog
e:\wengou\learnopengl\debug\learnopengl.tlog\link.command.1.tlog
e:\wengou\learnopengl\debug\learnopengl.tlog\link.read.1.tlog
e:\wengou\learnopengl\debug\learnopengl.tlog\link.write.1.tlog
